<?xml version="1.0" encoding="UTF-8"?>
<!-- Generated by org.testng.reporters.JUnitReportReporter -->
<testsuite hostname="LAPTOP-JL84H6HT" failures="0" tests="3" name="Indyfin_Testcase.Match_Making_from_excell" time="377.536" errors="0" timestamp="2022-11-14T18:44:50 IST" skipped="0">
  <testcase classname="Indyfin_Testcase.Match_Making_from_excell" name="Match_making_Start" time="7.312"/>
  <system-out/>
  <testcase classname="Indyfin_Testcase.Match_Making_from_excell" name="Lending_Page" time="0.008"/>
  <system-out/>
  <testcase classname="Indyfin_Testcase.Match_Making_from_excell" name="Match_Advsior" time="370.216"/>
  <system-out/>
</testsuite> <!-- Indyfin_Testcase.Match_Making_from_excell -->
