<?xml version="1.0" encoding="UTF-8"?>
<!-- Generated by org.testng.reporters.JUnitReportReporter -->
<testsuite hostname="LAPTOP-JL84H6HT" failures="0" tests="3" name="Indyfin_Testcase.Match_Making_from_excell" time="383.087" errors="0" timestamp="2022-12-19T16:06:12 IST" skipped="0">
  <testcase classname="Indyfin_Testcase.Match_Making_from_excell" name="Match_making_Start" time="7.585"/>
  <system-out/>
  <testcase classname="Indyfin_Testcase.Match_Making_from_excell" name="Lending_Page" time="0.020"/>
  <system-out/>
  <testcase classname="Indyfin_Testcase.Match_Making_from_excell" name="Match_Advsior" time="375.482"/>
  <system-out/>
</testsuite> <!-- Indyfin_Testcase.Match_Making_from_excell -->
