<?xml version="1.0" encoding="UTF-8"?>
<!-- Generated by org.testng.reporters.JUnitReportReporter -->
<testsuite hostname="LAPTOP-JL84H6HT" failures="0" tests="3" name="Indyfin_Testcase.CloseBrowser" time="33.034" errors="0" timestamp="2022-12-19T17:16:56 IST" skipped="0">
  <testcase classname="Indyfin_Testcase.CloseBrowser" name="CloseAPP" time="16.154"/>
  <system-out/>
  <testcase classname="Indyfin_Testcase.CloseBrowser" name="CloseAPP" time="0.755"/>
  <system-out/>
  <testcase classname="Indyfin_Testcase.CloseBrowser" name="CloseAPP" time="16.125"/>
  <system-out/>
</testsuite> <!-- Indyfin_Testcase.CloseBrowser -->
