<?xml version="1.0" encoding="UTF-8"?>
<!-- Generated by org.testng.reporters.JUnitReportReporter -->
<testsuite hostname="LAPTOP-JL84H6HT" failures="0" tests="2" name="Indyfin_Testcase.Indyfin_Signup" time="238.034" errors="0" timestamp="2022-10-03T13:38:22 IST" skipped="1">
  <testcase classname="Indyfin_Testcase.Indyfin_Signup" name="Signup_with_OTP" time="238.034"/>
  <system-out/>
  <testcase classname="Indyfin_Testcase.Indyfin_Signup" name="logindata">
    <skipped/>
  </testcase> <!-- logindata -->
  <system-out/>
</testsuite> <!-- Indyfin_Testcase.Indyfin_Signup -->
