<?xml version="1.0" encoding="UTF-8"?>
<!-- Generated by org.testng.reporters.JUnitReportReporter -->
<testsuite hostname="LAPTOP-JL84H6HT" failures="0" tests="1" name="Indyfin_Testcase.Browser_Lunch" time="9.324" errors="0" timestamp="2022-12-19T15:36:46 IST" skipped="0">
  <testcase classname="Indyfin_Testcase.Browser_Lunch" name="LunchApp_URL" time="9.324"/>
  <system-out/>
</testsuite> <!-- Indyfin_Testcase.Browser_Lunch -->
