<?xml version="1.0" encoding="UTF-8"?>
<!-- Generated by org.testng.reporters.JUnitReportReporter -->
<testsuite hostname="LAPTOP-JL84H6HT" failures="0" tests="1" name="Indyfin_Testcase.Browser_Lunch" time="9.388" errors="0" timestamp="2022-11-29T16:26:37 IST" skipped="0">
  <testcase classname="Indyfin_Testcase.Browser_Lunch" name="LunchApp_URL" time="9.388"/>
  <system-out/>
</testsuite> <!-- Indyfin_Testcase.Browser_Lunch -->
