<?xml version="1.0" encoding="UTF-8"?>
<!-- Generated by org.testng.reporters.JUnitReportReporter -->
<testsuite hostname="LAPTOP-JL84H6HT" failures="0" tests="3" name="Indyfin_Testcase.Login" time="10.019" errors="0" timestamp="2022-02-08T16:48:23 IST" skipped="1">
  <testcase classname="Indyfin_Testcase.Login" name="Browser_Set_Up" time="9.704"/>
  <system-out/>
  <testcase classname="Indyfin_Testcase.Login" name="login_user" time="0.000">
    <skipped/>
  </testcase> <!-- login_user -->
  <system-out/>
  <testcase classname="Indyfin_Testcase.Login" name="tearDown" time="0.315"/>
  <system-out/>
</testsuite> <!-- Indyfin_Testcase.Login -->
