<?xml version="1.0" encoding="UTF-8"?>
<!-- Generated by org.testng.reporters.JUnitReportReporter -->
<testsuite hostname="LAPTOP-JL84H6HT" failures="0" tests="6" name="Indyfin_Testcase.Advisor_Feedback" time="39.543" errors="0" timestamp="2022-12-19T17:16:56 IST" skipped="1">
  <testcase classname="Indyfin_Testcase.Advisor_Feedback" name="loading_feedback_Page" time="15.179"/>
  <system-out/>
  <testcase classname="Indyfin_Testcase.Advisor_Feedback" name="All_Clinets_Page" time="5.093"/>
  <system-out/>
  <testcase classname="Indyfin_Testcase.Advisor_Feedback" name="Add_new_clinet" time="0.595"/>
  <system-out/>
  <testcase classname="Indyfin_Testcase.Advisor_Feedback" name="Search_And_Update_Client" time="10.351"/>
  <system-out/>
  <testcase classname="Indyfin_Testcase.Advisor_Feedback" name="Send_Feedback_to_Client" time="8.325"/>
  <system-out/>
  <testcase classname="Indyfin_Testcase.Advisor_Feedback" name="Delete_Client">
    <skipped/>
  </testcase> <!-- Delete_Client -->
  <system-out/>
</testsuite> <!-- Indyfin_Testcase.Advisor_Feedback -->
