<?xml version="1.0" encoding="UTF-8"?>
<!-- Generated by org.testng.reporters.JUnitReportReporter -->
<testsuite hostname="LAPTOP-JL84H6HT" failures="0" tests="1" name="Indyfin_Testcase.Browser_Lunch" time="17.651" errors="0" timestamp="2022-12-14T00:41:20 IST" skipped="0">
  <testcase classname="Indyfin_Testcase.Browser_Lunch" name="LunchApp_URL" time="17.651"/>
  <system-out/>
</testsuite> <!-- Indyfin_Testcase.Browser_Lunch -->
