<?xml version="1.0" encoding="UTF-8"?>
<!-- Generated by org.testng.reporters.JUnitReportReporter -->
<testsuite hostname="LAPTOP-JL84H6HT" failures="0" tests="4" name="Indyfin_Testcase.Login" time="24.934" errors="0" timestamp="2022-12-19T17:16:56 IST" skipped="0">
  <testcase classname="Indyfin_Testcase.Login" name="EnterLoginDetails" time="2.415"/>
  <system-out/>
  <testcase classname="Indyfin_Testcase.Login" name="EnterLoginDetails" time="2.448"/>
  <system-out/>
  <testcase classname="Indyfin_Testcase.Login" name="VerifyLogin" time="10.044"/>
  <system-out/>
  <testcase classname="Indyfin_Testcase.Login" name="VerifyLogin" time="10.027"/>
  <system-out/>
</testsuite> <!-- Indyfin_Testcase.Login -->
