<?xml version="1.0" encoding="UTF-8"?>
<!-- Generated by org.testng.reporters.JUnitReportReporter -->
<testsuite hostname="LAPTOP-JL84H6HT" failures="0" tests="1" name="Indyfin_Testcase.indyfin_login" time="49.665" errors="0" timestamp="2022-09-11T13:58:36 IST" skipped="0">
  <testcase classname="Indyfin_Testcase.indyfin_login" name="login" time="49.665"/>
  <system-out/>
</testsuite> <!-- Indyfin_Testcase.indyfin_login -->
