<?xml version="1.0" encoding="UTF-8"?>
<!-- Generated by org.testng.reporters.JUnitReportReporter -->
<testsuite hostname="LAPTOP-JL84H6HT" failures="0" tests="1" name="Indyfin_Testcase.FindAllLink" time="31.936" errors="0" timestamp="2022-08-31T19:23:24 IST" skipped="0">
  <testcase classname="Indyfin_Testcase.FindAllLink" name="Findlink" time="31.936"/>
  <system-out/>
</testsuite> <!-- Indyfin_Testcase.FindAllLink -->
