<?xml version="1.0" encoding="UTF-8"?>
<!-- Generated by org.testng.reporters.JUnitReportReporter -->
<testsuite hostname="LAPTOP-JL84H6HT" failures="0" tests="2" name="Indyfin_Testcase.Indyfin_Profile" time="48.917" errors="0" timestamp="2022-12-19T15:23:41 IST" skipped="0">
  <testcase classname="Indyfin_Testcase.Indyfin_Profile" name="NavigateToProfile" time="5.144"/>
  <system-out/>
  <testcase classname="Indyfin_Testcase.Indyfin_Profile" name="Update_Profile_data" time="43.773"/>
  <system-out/>
</testsuite> <!-- Indyfin_Testcase.Indyfin_Profile -->
