<?xml version="1.0" encoding="UTF-8"?>
<!-- Generated by org.testng.reporters.JUnitReportReporter -->
<testsuite hostname="LAPTOP-JL84H6HT" failures="0" tests="3" name="Indyfin_Testcase.Browser_Launch" time="69.744" errors="0" timestamp="2022-12-19T17:16:56 IST" skipped="0">
  <testcase classname="Indyfin_Testcase.Browser_Launch" name="LaunchApp_URL" time="21.355"/>
  <system-out/>
  <testcase classname="Indyfin_Testcase.Browser_Launch" name="LaunchApp_URL" time="25.132"/>
  <system-out/>
  <testcase classname="Indyfin_Testcase.Browser_Launch" name="LaunchApp_URL" time="23.257"/>
  <system-out/>
</testsuite> <!-- Indyfin_Testcase.Browser_Launch -->
