<?xml version="1.0" encoding="UTF-8"?>
<!-- Generated by org.testng.reporters.JUnitReportReporter -->
<testsuite hostname="LAPTOP-JL84H6HT" failures="0" tests="1" name="Indyfin_Testcase.Indyfin_Profile" time="10.650" errors="0" timestamp="2022-11-15T16:30:27 IST" skipped="0">
  <testcase classname="Indyfin_Testcase.Indyfin_Profile" name="Update_Indyfin_Profile" time="10.650"/>
  <system-out/>
</testsuite> <!-- Indyfin_Testcase.Indyfin_Profile -->
