<?xml version="1.0" encoding="UTF-8"?>
<!-- Generated by org.testng.reporters.JUnitReportReporter -->
<testsuite hostname="LAPTOP-JL84H6HT" failures="0" tests="2" name="Indyfin_Testcase.Login" time="13.707" errors="0" timestamp="2022-12-14T00:41:20 IST" skipped="0">
  <testcase classname="Indyfin_Testcase.Login" name="VerifyLogin" time="10.179"/>
  <system-out/>
  <testcase classname="Indyfin_Testcase.Login" name="EnterLoginDetails" time="3.528"/>
  <system-out/>
</testsuite> <!-- Indyfin_Testcase.Login -->
