<?xml version="1.0" encoding="UTF-8"?>
<!-- Generated by org.testng.reporters.JUnitReportReporter -->
<testsuite hostname="LAPTOP-JL84H6HT" failures="0" tests="2" name="Indyfin_Testcase.Login" time="12.812" errors="0" timestamp="2022-12-19T15:36:46 IST" skipped="0">
  <testcase classname="Indyfin_Testcase.Login" name="VerifyLogin" time="10.039"/>
  <system-out/>
  <testcase classname="Indyfin_Testcase.Login" name="EnterLoginDetails" time="2.773"/>
  <system-out/>
</testsuite> <!-- Indyfin_Testcase.Login -->
