<?xml version="1.0" encoding="UTF-8"?>
<!-- Generated by org.testng.reporters.JUnitReportReporter -->
<testsuite hostname="LAPTOP-JL84H6HT" failures="0" tests="1" name="Indyfin_Testcase.CloseBrowser" time="1.329" errors="0" timestamp="2022-12-19T15:36:46 IST" skipped="0">
  <testcase classname="Indyfin_Testcase.CloseBrowser" name="CloseAPP" time="1.329"/>
  <system-out/>
</testsuite> <!-- Indyfin_Testcase.CloseBrowser -->
