<?xml version="1.0" encoding="UTF-8"?>
<!-- Generated by org.testng.reporters.JUnitReportReporter -->
<testsuite hostname="LAPTOP-JL84H6HT" failures="0" tests="6" name="Indyfin_Testcase.Advisor_Feedback" time="37.126" errors="0" timestamp="2022-12-19T15:36:46 IST" skipped="1">
  <testcase classname="Indyfin_Testcase.Advisor_Feedback" name="loading_feedback_Page" time="15.222"/>
  <system-out/>
  <testcase classname="Indyfin_Testcase.Advisor_Feedback" name="All_Clinets_Page" time="5.125"/>
  <system-out/>
  <testcase classname="Indyfin_Testcase.Advisor_Feedback" name="Add_new_clinet" time="0.914"/>
  <system-out/>
  <testcase classname="Indyfin_Testcase.Advisor_Feedback" name="Search_And_Update_Client" time="10.433"/>
  <system-out/>
  <testcase classname="Indyfin_Testcase.Advisor_Feedback" name="Send_Feedback_to_Client" time="5.432"/>
  <system-out/>
  <testcase classname="Indyfin_Testcase.Advisor_Feedback" name="Delete_Client">
    <skipped/>
  </testcase> <!-- Delete_Client -->
  <system-out/>
</testsuite> <!-- Indyfin_Testcase.Advisor_Feedback -->
