<?xml version="1.0" encoding="UTF-8"?>
<!-- Generated by org.testng.reporters.JUnitReportReporter -->
<testsuite hostname="LAPTOP-JL84H6HT" failures="0" tests="1" name="Indyfin_Testcase.Indyfin_Multiple_UserLogin" time="79.273" errors="0" timestamp="2022-09-28T00:20:49 IST" skipped="0">
  <testcase classname="Indyfin_Testcase.Indyfin_Multiple_UserLogin" name="logindata" time="79.273"/>
  <system-out/>
</testsuite> <!-- Indyfin_Testcase.Indyfin_Multiple_UserLogin -->
